0 info it worked if it ends with ok
1 verbose cli [ 'C:\\Environnement\\nvm\\v4.5.0\\node.exe',
1 verbose cli   'C:\\Environnement\\node_modules\\npm\\bin\\npm-cli.js',
1 verbose cli   'start' ]
2 info using npm@3.10.7
3 info using node@v4.5.0
4 verbose run-script [ 'prestart', 'start', 'poststart' ]
5 info lifecycle angular2-full-app@0.0.1~prestart: angular2-full-app@0.0.1
6 silly lifecycle angular2-full-app@0.0.1~prestart: no script for prestart, continuing
7 info lifecycle angular2-full-app@0.0.1~start: angular2-full-app@0.0.1
8 verbose lifecycle angular2-full-app@0.0.1~start: unsafe-perm in lifecycle true
9 verbose lifecycle angular2-full-app@0.0.1~start: PATH: C:\Environnement\node_modules\npm\bin\node-gyp-bin;C:\xampp\htdocs\angular2-full-app\node_modules\.bin;C:\ProgramData\Oracle\Java\javapath;C:\Windows\system32;C:\Windows;C:\Windows\System32\Wbem;C:\Windows\System32\WindowsPowerShell\v1.0\;C:\Program Files (x86)\Skype\Phone\;C:\Program Files\Git\cmd;C:\xampp\php;C:\HashiCorp\Vagrant\bin;C:\Environnement;C:\Environnement\node_modules;C:\Environnement\.vagrant;erl7.3\bin;rabbitmq_server-3.6.1\sbin;C:\xampp\htdocs;C:\Program Files\Docker Toolbox;C:\Program Files (x86)\Java\jdk1.8.0_91\bin;C:\Program Files (x86)\Brackets\command;C:\Program Files (x86)\GtkSharp\2.12\bin;C:\Program Files\Android\Android Studio\lib\ant\lib;C:\Environnement\nvm;C:\Program Files\DEV\node;C:\Environnement\Ruby22-x64\bin;C:\Program Files\Android\Android Studio\lib\ant\lib;nodejs;C:\Environnement\nvm;C:\Program Files\DEV\nodejs;C:\Users\Frederick BALDO\AppData\Roaming\npm\node_modules;C:\Users\Frederick BALDO\npm;C:\Users\Frederick BALDO\npm\node_modules;C:\Users\Frederick BALDO\npm\node_modules\typescript\lib;C:\Users\Frederick BALDO\npm\node_modules\typescript\bin;C:\Users\Frederick BALDO\npm\node_modules\typescript;C:\Environnement\nvm\v4.5.0
10 verbose lifecycle angular2-full-app@0.0.1~start: CWD: C:\xampp\htdocs\angular2-full-app
11 silly lifecycle angular2-full-app@0.0.1~start: Args: [ '/d /s /c',
11 silly lifecycle   'concurrent --kill-others "gulp watch" "lite-server"' ]
12 silly lifecycle angular2-full-app@0.0.1~start: Returned: code: 1  signal: null
13 info lifecycle angular2-full-app@0.0.1~start: Failed to exec start script
14 verbose stack Error: angular2-full-app@0.0.1 start: `concurrent --kill-others "gulp watch" "lite-server"`
14 verbose stack Exit status 1
14 verbose stack     at EventEmitter.<anonymous> (C:\Environnement\node_modules\npm\lib\utils\lifecycle.js:255:16)
14 verbose stack     at emitTwo (events.js:87:13)
14 verbose stack     at EventEmitter.emit (events.js:172:7)
14 verbose stack     at ChildProcess.<anonymous> (C:\Environnement\node_modules\npm\lib\utils\spawn.js:40:14)
14 verbose stack     at emitTwo (events.js:87:13)
14 verbose stack     at ChildProcess.emit (events.js:172:7)
14 verbose stack     at maybeClose (internal/child_process.js:829:16)
14 verbose stack     at Process.ChildProcess._handle.onexit (internal/child_process.js:211:5)
15 verbose pkgid angular2-full-app@0.0.1
16 verbose cwd C:\xampp\htdocs\angular2-full-app
17 error Windows_NT 10.0.10586
18 error argv "C:\\Environnement\\nvm\\v4.5.0\\node.exe" "C:\\Environnement\\node_modules\\npm\\bin\\npm-cli.js" "start"
19 error node v4.5.0
20 error npm  v3.10.7
21 error code ELIFECYCLE
22 error angular2-full-app@0.0.1 start: `concurrent --kill-others "gulp watch" "lite-server"`
22 error Exit status 1
23 error Failed at the angular2-full-app@0.0.1 start script 'concurrent --kill-others "gulp watch" "lite-server"'.
23 error Make sure you have the latest version of node.js and npm installed.
23 error If you do, this is most likely a problem with the angular2-full-app package,
23 error not with npm itself.
23 error Tell the author that this fails on your system:
23 error     concurrent --kill-others "gulp watch" "lite-server"
23 error You can get information on how to open an issue for this project with:
23 error     npm bugs angular2-full-app
23 error Or if that isn't available, you can get their info via:
23 error     npm owner ls angular2-full-app
23 error There is likely additional logging output above.
24 verbose exit [ 1, true ]
